<?xml version="1.0" encoding="UTF-8"?>
<!-- Generated by org.testng.reporters.JUnitXMLReporter -->
<testsuite ignored="0" hostname="Chantosh" failures="0" tests="69" name="Case1" time="321.541" errors="0" timestamp="2022-04-24T23:36:54 IST">
  <testcase classname="com.sgtesting.Assignments.Testng.LoginLogoutClose" name="LanchBrowser" time="1.871"/>
  <testcase classname="com.sgtesting.Assignments.Testng.LoginLogoutClose" name="Navigate" time="4.597"/>
  <testcase classname="com.sgtesting.Assignments.Testng.LoginLogoutClose" name="loginLogout" time="8.736"/>
  <testcase classname="com.sgtesting.Assignments.Testng.LoginLogoutClose" name="CloseApplication" time="0.131"/>
  <testcase classname="com.sgtesting.Assignments.Testng.LoginLogoutCreateDeleteUser" name="LaunchBrowser" time="1.205"/>
  <testcase classname="com.sgtesting.Assignments.Testng.LoginLogoutCreateDeleteUser" name="Navigate" time="2.627"/>
  <testcase classname="com.sgtesting.Assignments.Testng.LoginLogoutCreateDeleteUser" name="login" time="6.149"/>
  <testcase classname="com.sgtesting.Assignments.Testng.LoginLogoutCreateDeleteUser" name="Minimise" time="2.291"/>
  <testcase classname="com.sgtesting.Assignments.Testng.LoginLogoutCreateDeleteUser" name="ClickUser" time="2.834"/>
  <testcase classname="com.sgtesting.Assignments.Testng.LoginLogoutCreateDeleteUser" name="AddUser" time="2.072"/>
  <testcase classname="com.sgtesting.Assignments.Testng.LoginLogoutCreateDeleteUser" name="fillUser" time="5.735"/>
  <testcase classname="com.sgtesting.Assignments.Testng.LoginLogoutCreateDeleteUser" name="userdelete" time="14.828"/>
  <testcase classname="com.sgtesting.Assignments.Testng.LoginLogoutCreateDeleteUser" name="logout" time="5.26"/>
  <testcase classname="com.sgtesting.Assignments.Testng.LoginLogoutCreateDeleteUser" name="closeapplication" time="0.167"/>
  <testcase classname="com.sgtesting.Assignments.Testng.LoginLogoutCreateModifeyDeleteUser" name="LanchBrowser" time="1.148"/>
  <testcase classname="com.sgtesting.Assignments.Testng.LoginLogoutCreateModifeyDeleteUser" name="navigate" time="3.685"/>
  <testcase classname="com.sgtesting.Assignments.Testng.LoginLogoutCreateModifeyDeleteUser" name="login" time="6.212"/>
  <testcase classname="com.sgtesting.Assignments.Testng.LoginLogoutCreateModifeyDeleteUser" name="Minimise" time="2.184"/>
  <testcase classname="com.sgtesting.Assignments.Testng.LoginLogoutCreateModifeyDeleteUser" name="ClickUser" time="2.498"/>
  <testcase classname="com.sgtesting.Assignments.Testng.LoginLogoutCreateModifeyDeleteUser" name="AddUser" time="2.152"/>
  <testcase classname="com.sgtesting.Assignments.Testng.LoginLogoutCreateModifeyDeleteUser" name="fillUser" time="5.724"/>
  <testcase classname="com.sgtesting.Assignments.Testng.LoginLogoutCreateModifeyDeleteUser" name="userModify" time="16.131"/>
  <testcase classname="com.sgtesting.Assignments.Testng.LoginLogoutCreateModifeyDeleteUser" name="userdelete" time="14.811"/>
  <testcase classname="com.sgtesting.Assignments.Testng.LoginLogoutCreateModifeyDeleteUser" name="logout" time="5.163"/>
  <testcase classname="com.sgtesting.Assignments.Testng.LoginLogoutCreateModifeyDeleteUser" name="closeapplication" time="0.138"/>
  <testcase classname="com.sgtesting.Assignments.Testng.LoginLogoutCreateCustomer" name="LanchBrowser" time="1.172"/>
  <testcase classname="com.sgtesting.Assignments.Testng.LoginLogoutCreateCustomer" name="navigate" time="3.606"/>
  <testcase classname="com.sgtesting.Assignments.Testng.LoginLogoutCreateCustomer" name="login" time="6.226"/>
  <testcase classname="com.sgtesting.Assignments.Testng.LoginLogoutCreateCustomer" name="Minimise" time="2.203"/>
  <testcase classname="com.sgtesting.Assignments.Testng.LoginLogoutCreateCustomer" name="ClickTask" time="2.377"/>
  <testcase classname="com.sgtesting.Assignments.Testng.LoginLogoutCreateCustomer" name="AddCustomer" time="2.264"/>
  <testcase classname="com.sgtesting.Assignments.Testng.LoginLogoutCreateCustomer" name="fillCoustomer" time="2.242"/>
  <testcase classname="com.sgtesting.Assignments.Testng.LoginLogoutCreateCustomer" name="Costmer" time="17.997"/>
  <testcase classname="com.sgtesting.Assignments.Testng.LoginLogoutCreateCustomer" name="logout" time="5.265"/>
  <testcase classname="com.sgtesting.Assignments.Testng.LoginLogoutCreateCustomer" name="closeapplication" time="0.189"/>
  <testcase classname="com.sgtesting.Assignments.Testng.LoginLogoutCreateModifyCustomer" name="LanchBrowser" time="1.318"/>
  <testcase classname="com.sgtesting.Assignments.Testng.LoginLogoutCreateModifyCustomer" name="navigate" time="3.551"/>
  <testcase classname="com.sgtesting.Assignments.Testng.LoginLogoutCreateModifyCustomer" name="login" time="6.144"/>
  <testcase classname="com.sgtesting.Assignments.Testng.LoginLogoutCreateModifyCustomer" name="Minimise" time="2.12"/>
  <testcase classname="com.sgtesting.Assignments.Testng.LoginLogoutCreateModifyCustomer" name="ClickTask" time="2.346"/>
  <testcase classname="com.sgtesting.Assignments.Testng.LoginLogoutCreateModifyCustomer" name="AddCustomer" time="2.135"/>
  <testcase classname="com.sgtesting.Assignments.Testng.LoginLogoutCreateModifyCustomer" name="fillCoustomer" time="2.18"/>
  <testcase classname="com.sgtesting.Assignments.Testng.LoginLogoutCreateModifyCustomer" name="ModifydeleteCustomer" time="25.17"/>
  <testcase classname="com.sgtesting.Assignments.Testng.LoginLogoutCreateModifyCustomer" name="logout" time="5.278"/>
  <testcase classname="com.sgtesting.Assignments.Testng.LoginLogoutCreateModifyCustomer" name="closeapplication" time="0.139"/>
  <testcase classname="com.sgtesting.Assignments.Testng.LoginLogoutCreateModifyDeleteCustomerProject" name="LanchBrowser" time="1.257"/>
  <testcase classname="com.sgtesting.Assignments.Testng.LoginLogoutCreateModifyDeleteCustomerProject" name="navigate" time="3.614"/>
  <testcase classname="com.sgtesting.Assignments.Testng.LoginLogoutCreateModifyDeleteCustomerProject" name="login" time="6.218"/>
  <testcase classname="com.sgtesting.Assignments.Testng.LoginLogoutCreateModifyDeleteCustomerProject" name="Minimise" time="2.19"/>
  <testcase classname="com.sgtesting.Assignments.Testng.LoginLogoutCreateModifyDeleteCustomerProject" name="ClickTask" time="2.343"/>
  <testcase classname="com.sgtesting.Assignments.Testng.LoginLogoutCreateModifyDeleteCustomerProject" name="AddCustomer" time="2.082"/>
  <testcase classname="com.sgtesting.Assignments.Testng.LoginLogoutCreateModifyDeleteCustomerProject" name="fillCoustomer" time="2.186"/>
  <testcase classname="com.sgtesting.Assignments.Testng.LoginLogoutCreateModifyDeleteCustomerProject" name="Createprj" time="10.38"/>
  <testcase classname="com.sgtesting.Assignments.Testng.LoginLogoutCreateModifyDeleteCustomerProject" name="Modifyprj" time="5.575"/>
  <testcase classname="com.sgtesting.Assignments.Testng.LoginLogoutCreateModifyDeleteCustomerProject" name="DeleteCustomerandProject" time="22.117"/>
  <testcase classname="com.sgtesting.Assignments.Testng.LoginLogoutCreateModifyDeleteCustomerProject" name="logout" time="5.241"/>
  <testcase classname="com.sgtesting.Assignments.Testng.LoginLogoutCreateModifyDeleteCustomerProject" name="closeapplication" time="0.106"/>
  <testcase classname="com.sgtesting.Assignments.Testng.LoginLogoutCreateModifyDeleteCustomerProjectTask" name="LanchBrowser" time="1.152"/>
  <testcase classname="com.sgtesting.Assignments.Testng.LoginLogoutCreateModifyDeleteCustomerProjectTask" name="navigate" time="3.691"/>
  <testcase classname="com.sgtesting.Assignments.Testng.LoginLogoutCreateModifyDeleteCustomerProjectTask" name="login" time="6.209"/>
  <testcase classname="com.sgtesting.Assignments.Testng.LoginLogoutCreateModifyDeleteCustomerProjectTask" name="Minimise" time="2.213"/>
  <testcase classname="com.sgtesting.Assignments.Testng.LoginLogoutCreateModifyDeleteCustomerProjectTask" name="ClickTask" time="2.361"/>
  <testcase classname="com.sgtesting.Assignments.Testng.LoginLogoutCreateModifyDeleteCustomerProjectTask" name="AddCustomer" time="2.263"/>
  <testcase classname="com.sgtesting.Assignments.Testng.LoginLogoutCreateModifyDeleteCustomerProjectTask" name="fillCoustomer" time="2.219"/>
  <testcase classname="com.sgtesting.Assignments.Testng.LoginLogoutCreateModifyDeleteCustomerProjectTask" name="Createprj" time="10.466"/>
  <testcase classname="com.sgtesting.Assignments.Testng.LoginLogoutCreateModifyDeleteCustomerProjectTask" name="CreateTask" time="6.598"/>
  <testcase classname="com.sgtesting.Assignments.Testng.LoginLogoutCreateModifyDeleteCustomerProjectTask" name="DeleteCustomerandProjectTask" time="3.292"/>
  <testcase classname="com.sgtesting.Assignments.Testng.LoginLogoutCreateModifyDeleteCustomerProjectTask" name="logout" time="5.248"/>
  <testcase classname="com.sgtesting.Assignments.Testng.LoginLogoutCreateModifyDeleteCustomerProjectTask" name="closeapplication" time="0.114"/>
</testsuite> <!-- Case1 -->
