<?xml version="1.0" encoding="UTF-8"?>
<!-- Generated by org.testng.reporters.JUnitXMLReporter -->
<testsuite ignored="0" hostname="Chantosh" failures="0" tests="8" name="case 1" time="44.096" errors="0" timestamp="2022-04-24T11:03:02 IST">
  <testcase classname="com.sgtesting.Assignments.Testng.LoginLogout" name="Navigate" time="2.599"/>
  <testcase classname="com.sgtesting.Assignments.Testng.LoginLogout" name="login" time="6.155"/>
  <testcase classname="com.sgtesting.Assignments.Testng.LoginLogout" name="Minimise" time="2.297"/>
  <testcase classname="com.sgtesting.Assignments.Testng.LoginLogout" name="ClickUser" time="2.749"/>
  <testcase classname="com.sgtesting.Assignments.Testng.LoginLogout" name="AddUser" time="2.093"/>
  <testcase classname="com.sgtesting.Assignments.Testng.LoginLogout" name="fillUser" time="5.712"/>
  <testcase classname="com.sgtesting.Assignments.Testng.LoginLogout" name="userdelete" time="15.04"/>
  <testcase classname="com.sgtesting.Assignments.Testng.LoginLogout" name="logout" time="5.256"/>
</testsuite> <!-- case 1 -->
