<?xml version="1.0" encoding="UTF-8"?>
<!-- Generated by org.testng.reporters.JUnitXMLReporter -->
<testsuite ignored="0" hostname="Chantosh" failures="0" tests="4" name="Default test" time="15.308" errors="0" timestamp="2022-05-06T11:37:53 IST">
  <testcase classname="com.sgtesting.Assignments.Testng.LoginLogoutClose" name="LanchBrowser" time="1.937"/>
  <testcase classname="com.sgtesting.Assignments.Testng.LoginLogoutClose" name="Navigate" time="4.608"/>
  <testcase classname="com.sgtesting.Assignments.Testng.LoginLogoutClose" name="loginLogout" time="8.58"/>
  <testcase classname="com.sgtesting.Assignments.Testng.LoginLogoutClose" name="CloseApplication" time="0.142"/>
</testsuite> <!-- Default test -->
